<?xml version="1.0" encoding="UTF-8"?>
<testng-results ignored="0" total="1" passed="1" failed="0" skipped="0">
  <reporter-output>
  </reporter-output>
  <suite started-at="2023-02-22T12:26:38 GMT" name="Suite" finished-at="2023-02-22T12:26:57 GMT" duration-ms="18851">
    <groups>
    </groups>
    <test started-at="2023-02-22T12:26:38 GMT" name="Test" finished-at="2023-02-22T12:26:57 GMT" duration-ms="18851">
      <class name="com.learnautomation.testcases.LoginTestCRM">
        <test-method is-config="true" signature="setUpSuite()[pri:0, instance:com.learnautomation.testcases.LoginTestCRM@34a3d150]" started-at="2023-02-22T12:26:36 GMT" name="setUpSuite" finished-at="2023-02-22T12:26:38 GMT" duration-ms="1646" status="PASS">
          <reporter-output>
          </reporter-output>
        </test-method> <!-- setUpSuite -->
        <test-method is-config="true" signature="setup()[pri:0, instance:com.learnautomation.testcases.LoginTestCRM@34a3d150]" started-at="2023-02-22T12:26:38 GMT" name="setup" finished-at="2023-02-22T12:26:53 GMT" duration-ms="15624" status="PASS">
          <reporter-output>
          </reporter-output>
        </test-method> <!-- setup -->
        <test-method signature="loginApp()[pri:0, instance:com.learnautomation.testcases.LoginTestCRM@34a3d150]" started-at="2023-02-22T12:26:53 GMT" name="loginApp" finished-at="2023-02-22T12:26:56 GMT" duration-ms="2595" status="PASS">
          <reporter-output>
          </reporter-output>
        </test-method> <!-- loginApp -->
        <test-method is-config="true" signature="tearDown()[pri:0, instance:com.learnautomation.testcases.LoginTestCRM@34a3d150]" started-at="2023-02-22T12:26:56 GMT" name="tearDown" finished-at="2023-02-22T12:26:57 GMT" duration-ms="522" status="PASS">
          <reporter-output>
          </reporter-output>
        </test-method> <!-- tearDown -->
      </class> <!-- com.learnautomation.testcases.LoginTestCRM -->
    </test> <!-- Test -->
  </suite> <!-- Suite -->
</testng-results>
